# JRE version: OpenJDK Runtime Environment (8.0_144-b01) (build 1.8.0_144-b01)
# Java VM: OpenJDK 64-Bit Server VM (25.144-b01 mixed mode linux-amd64 compressed oops)
Heap:
 PSYoungGen      total 252416K, used 40564K [0x00000000d6d00000, 0x00000000e9500000, 0x0000000100000000)
  eden space 238080K, 13% used [0x00000000d6d00000,0x00000000d8c6f568,0x00000000e5580000)
  from space 14336K, 58% used [0x00000000e5580000,0x00000000e5dadd40,0x00000000e6380000)
  to   space 13824K, 0% used [0x00000000e8780000,0x00000000e8780000,0x00000000e9500000)
 ParOldGen       total 56320K, used 19576K [0x0000000084600000, 0x0000000087d00000, 0x00000000d6d00000)
  object space 56320K, 34% used [0x0000000084600000,0x000000008591e320,0x0000000087d00000)
 Metaspace       used 23560K, capacity 25022K, committed 25264K, reserved 1071104K
  class space    used 3080K, capacity 3401K, committed 3504K, reserved 1048576K
GC Heap History (10 events):
Event: 53.011 GC heap before
{Heap before GC invocations=6 (full 1):
 PSYoungGen      total 110080K, used 107587K [0x00000000d6d00000, 0x00000000df300000, 0x0000000100000000)
  eden space 104960K, 97% used [0x00000000d6d00000,0x00000000dd1185f8,0x00000000dd380000)
  from space 5120K, 99% used [0x00000000dee00000,0x00000000df2f8618,0x00000000df300000)
  to   space 5120K, 0% used [0x00000000de900000,0x00000000de900000,0x00000000dee00000)
 ParOldGen       total 56320K, used 13207K [0x0000000084600000, 0x0000000087d00000, 0x00000000d6d00000)
  object space 56320K, 23% used [0x0000000084600000,0x00000000852e5e90,0x0000000087d00000)
 Metaspace       used 23335K, capacity 24774K, committed 25008K, reserved 1071104K
  class space    used 3078K, capacity 3397K, committed 3504K, reserved 1048576K
Event: 53.020 GC heap after
Heap after GC invocations=6 (full 1):
 PSYoungGen      total 132096K, used 5110K [0x00000000d6d00000, 0x00000000e2a80000, 0x0000000100000000)
  eden space 126976K, 0% used [0x00000000d6d00000,0x00000000d6d00000,0x00000000de900000)
  from space 5120K, 99% used [0x00000000de900000,0x00000000dedfdb00,0x00000000dee00000)
  to   space 13824K, 0% used [0x00000000e1d00000,0x00000000e1d00000,0x00000000e2a80000)
 ParOldGen       total 56320K, used 19552K [0x0000000084600000, 0x0000000087d00000, 0x00000000d6d00000)
  object space 56320K, 34% used [0x0000000084600000,0x0000000085918320,0x0000000087d00000)
 Metaspace       used 23335K, capacity 24774K, committed 25008K, reserved 1071104K
  class space    used 3078K, capacity 3397K, committed 3504K, reserved 1048576K
}
Event: 58.211 GC heap before
{Heap before GC invocations=7 (full 1):
 PSYoungGen      total 132096K, used 130256K [0x00000000d6d00000, 0x00000000e2a80000, 0x0000000100000000)
  eden space 126976K, 98% used [0x00000000d6d00000,0x00000000de7368e0,0x00000000de900000)
  from space 5120K, 99% used [0x00000000de900000,0x00000000dedfdb00,0x00000000dee00000)
  to   space 13824K, 0% used [0x00000000e1d00000,0x00000000e1d00000,0x00000000e2a80000)
 ParOldGen       total 56320K, used 19552K [0x0000000084600000, 0x0000000087d00000, 0x00000000d6d00000)
  object space 56320K, 34% used [0x0000000084600000,0x0000000085918320,0x0000000087d00000)
 Metaspace       used 23373K, capacity 24794K, committed 25008K, reserved 1071104K
  class space    used 3078K, capacity 3397K, committed 3504K, reserved 1048576K
Event: 58.219 GC heap after
Heap after GC invocations=7 (full 1):
 PSYoungGen      total 180736K, used 8247K [0x00000000d6d00000, 0x00000000e4300000, 0x0000000100000000)
  eden space 166912K, 0% used [0x00000000d6d00000,0x00000000d6d00000,0x00000000e1000000)
  from space 13824K, 59% used [0x00000000e1d00000,0x00000000e250dd40,0x00000000e2a80000)
  to   space 13312K, 0% used [0x00000000e1000000,0x00000000e1000000,0x00000000e1d00000)
 ParOldGen       total 56320K, used 19560K [0x0000000084600000, 0x0000000087d00000, 0x00000000d6d00000)
  object space 56320K, 34% used [0x0000000084600000,0x000000008591a320,0x0000000087d00000)
 Metaspace       used 23373K, capacity 24794K, committed 25008K, reserved 1071104K
  class space    used 3078K, capacity 3397K, committed 3504K, reserved 1048576K
}
Event: 67.386 GC heap before
{Heap before GC invocations=8 (full 1):
 PSYoungGen      total 180736K, used 175159K [0x00000000d6d00000, 0x00000000e4300000, 0x0000000100000000)
  eden space 166912K, 100% used [0x00000000d6d00000,0x00000000e1000000,0x00000000e1000000)
  from space 13824K, 59% used [0x00000000e1d00000,0x00000000e250dd40,0x00000000e2a80000)
  to   space 13312K, 0% used [0x00000000e1000000,0x00000000e1000000,0x00000000e1d00000)
 ParOldGen       total 56320K, used 19560K [0x0000000084600000, 0x0000000087d00000, 0x00000000d6d00000)
  object space 56320K, 34% used [0x0000000084600000,0x000000008591a320,0x0000000087d00000)
 Metaspace       used 23420K, capacity 24870K, committed 25008K, reserved 1071104K
  class space    used 3078K, capacity 3397K, committed 3504K, reserved 1048576K
Event: 67.396 GC heap after
Heap after GC invocations=8 (full 1):
 PSYoungGen      total 180224K, used 11287K [0x00000000d6d00000, 0x00000000e7400000, 0x0000000100000000)
  eden space 166912K, 0% used [0x00000000d6d00000,0x00000000d6d00000,0x00000000e1000000)
  from space 13312K, 84% used [0x00000000e1000000,0x00000000e1b05f80,0x00000000e1d00000)
  to   space 13824K, 0% used [0x00000000e6680000,0x00000000e6680000,0x00000000e7400000)
 ParOldGen       total 56320K, used 19568K [0x0000000084600000, 0x0000000087d00000, 0x00000000d6d00000)
  object space 56320K, 34% used [0x0000000084600000,0x000000008591c320,0x0000000087d00000)
 Metaspace       used 23420K, capacity 24870K, committed 25008K, reserved 1071104K
  class space    used 3078K, capacity 3397K, committed 3504K, reserved 1048576K
}
Event: 74.931 GC heap before
{Heap before GC invocations=9 (full 1):
 PSYoungGen      total 180224K, used 176757K [0x00000000d6d00000, 0x00000000e7400000, 0x0000000100000000)
  eden space 166912K, 99% used [0x00000000d6d00000,0x00000000e0e977e0,0x00000000e1000000)
  from space 13312K, 84% used [0x00000000e1000000,0x00000000e1b05f80,0x00000000e1d00000)
  to   space 13824K, 0% used [0x00000000e6680000,0x00000000e6680000,0x00000000e7400000)
 ParOldGen       total 56320K, used 19568K [0x0000000084600000, 0x0000000087d00000, 0x00000000d6d00000)
  object space 56320K, 34% used [0x0000000084600000,0x000000008591c320,0x0000000087d00000)
 Metaspace       used 23465K, capacity 24934K, committed 25264K, reserved 1071104K
  class space    used 3078K, capacity 3397K, committed 3504K, reserved 1048576K
Event: 74.942 GC heap after
Heap after GC invocations=9 (full 1):
 PSYoungGen      total 242176K, used 11255K [0x00000000d6d00000, 0x00000000e7180000, 0x0000000100000000)
  eden space 230912K, 0% used [0x00000000d6d00000,0x00000000d6d00000,0x00000000e4e80000)
  from space 11264K, 99% used [0x00000000e6680000,0x00000000e717df80,0x00000000e7180000)
  to   space 14336K, 0% used [0x00000000e5580000,0x00000000e5580000,0x00000000e6380000)
 ParOldGen       total 56320K, used 19576K [0x0000000084600000, 0x0000000087d00000, 0x00000000d6d00000)
  object space 56320K, 34% used [0x0000000084600000,0x000000008591e320,0x0000000087d00000)
 Metaspace       used 23465K, capacity 24934K, committed 25264K, reserved 1071104K
  class space    used 3078K, capacity 3397K, committed 3504K, reserved 1048576K
}
Event: 83.187 GC heap before
{Heap before GC invocations=10 (full 1):
 PSYoungGen      total 242176K, used 242167K [0x00000000d6d00000, 0x00000000e7180000, 0x0000000100000000)
  eden space 230912K, 100% used [0x00000000d6d00000,0x00000000e4e80000,0x00000000e4e80000)
  from space 11264K, 99% used [0x00000000e6680000,0x00000000e717df80,0x00000000e7180000)
  to   space 14336K, 0% used [0x00000000e5580000,0x00000000e5580000,0x00000000e6380000)
 ParOldGen       total 56320K, used 19576K [0x0000000084600000, 0x0000000087d00000, 0x00000000d6d00000)
  object space 56320K, 34% used [0x0000000084600000,0x000000008591e320,0x0000000087d00000)
 Metaspace       used 23541K, capacity 24998K, committed 25264K, reserved 1071104K
  class space    used 3078K, capacity 3397K, committed 3504K, reserved 1048576K
Event: 83.196 GC heap after
Heap after GC invocations=10 (full 1):
 PSYoungGen      total 252416K, used 8375K [0x00000000d6d00000, 0x00000000e9500000, 0x0000000100000000)
  eden space 238080K, 0% used [0x00000000d6d00000,0x00000000d6d00000,0x00000000e5580000)
  from space 14336K, 58% used [0x00000000e5580000,0x00000000e5dadd40,0x00000000e6380000)
  to   space 13824K, 0% used [0x00000000e8780000,0x00000000e8780000,0x00000000e9500000)
 ParOldGen       total 56320K, used 19576K [0x0000000084600000, 0x0000000087d00000, 0x00000000d6d00000)
  object space 56320K, 34% used [0x0000000084600000,0x000000008591e320,0x0000000087d00000)
 Metaspace       used 23541K, capacity 24998K, committed 25264K, reserved 1071104K
  class space    used 3078K, capacity 3397K, committed 3504K, reserved 1048576K
}

